<?xml version="1.0" encoding="UTF-8"?>
<!-- Generated by org.testng.reporters.JUnitXMLReporter -->
<testsuite hostname="sony-VAIO" name="IE" tests="2" failures="1" timestamp="27 Dec 2020 20:43:07 GMT" time="1.403" errors="0">
  <testcase name="beforeTest" time="1.342" classname="mod5.BrowserTest"/>
  <testcase name="openURL" time="0.004" classname="mod5.BrowserTest">
    <failure type="java.lang.NullPointerException">
      <![CDATA[java.lang.NullPointerException
	at mod5.BrowserTest.openURL(BrowserTest.java:70)
... Removed 24 stack frames]]>
    </failure>
  </testcase> <!-- openURL -->
</testsuite> <!-- IE -->
