<?xml version="1.0" encoding="UTF-8"?>
<!-- Generated by org.testng.reporters.JUnitXMLReporter -->
<testsuite hostname="sony-VAIO" name="NG_BrowserCheck" tests="2" failures="1" timestamp="27 Dec 2020 19:25:38 GMT" time="5.216" errors="0">
  <testcase name="beforeTest" time="5.104" classname="mod5.BrowserTest"/>
  <testcase name="openURL" time="0.017" classname="mod5.BrowserTest">
    <failure type="java.lang.NullPointerException">
      <![CDATA[java.lang.NullPointerException
	at mod5.BrowserTest.openURL(BrowserTest.java:60)
... Removed 24 stack frames]]>
    </failure>
  </testcase> <!-- openURL -->
</testsuite> <!-- NG_BrowserCheck -->
